<?xml version="1.0" encoding="UTF-8"?>
<testsuite name="org.apache.commons.functor.core.collection.TestFilteredIterable" time="0.005" tests="26" errors="0" skipped="0" failures="0">
  <properties>
    <property name="java.runtime.name" value="Java(TM) SE Runtime Environment"/>
    <property name="sun.boot.library.path" value="/opt/Java/jdk1.8.0_171/jre/lib/amd64"/>
    <property name="java.vm.version" value="25.171-b11"/>
    <property name="java.vm.vendor" value="Oracle Corporation"/>
    <property name="maven.multiModuleProjectDirectory" value="/root/qrx/experiment/test-code-transformation/experiment/7/origin/commons-functor-master"/>
    <property name="java.vendor.url" value="http://java.oracle.com/"/>
    <property name="path.separator" value=":"/>
    <property name="guice.disable.misplaced.annotation.check" value="true"/>
    <property name="java.vm.name" value="Java HotSpot(TM) 64-Bit Server VM"/>
    <property name="file.encoding.pkg" value="sun.io"/>
    <property name="user.country" value="US"/>
    <property name="sun.java.launcher" value="SUN_STANDARD"/>
    <property name="sun.os.patch.level" value="unknown"/>
    <property name="java.vm.specification.name" value="Java Virtual Machine Specification"/>
    <property name="user.dir" value="/root/qrx/experiment/test-code-transformation/experiment/7/origin/commons-functor-master"/>
    <property name="java.runtime.version" value="1.8.0_171-b11"/>
    <property name="java.awt.graphicsenv" value="sun.awt.X11GraphicsEnvironment"/>
    <property name="java.endorsed.dirs" value="/opt/Java/jdk1.8.0_171/jre/lib/endorsed"/>
    <property name="os.arch" value="amd64"/>
    <property name="java.io.tmpdir" value="/tmp"/>
    <property name="line.separator" value="&#10;"/>
    <property name="java.vm.specification.vendor" value="Oracle Corporation"/>
    <property name="os.name" value="Linux"/>
    <property name="classworlds.conf" value="/usr/share/maven/bin/m2.conf"/>
    <property name="sun.jnu.encoding" value="UTF-8"/>
    <property name="java.library.path" value="/usr/java/packages/lib/amd64:/usr/lib64:/lib64:/lib:/usr/lib"/>
    <property name="java.specification.name" value="Java Platform API Specification"/>
    <property name="java.class.version" value="52.0"/>
    <property name="sun.management.compiler" value="HotSpot 64-Bit Tiered Compilers"/>
    <property name="os.version" value="4.4.0-170-generic"/>
    <property name="user.home" value="/root"/>
    <property name="user.timezone" value="Asia/Shanghai"/>
    <property name="java.awt.printerjob" value="sun.print.PSPrinterJob"/>
    <property name="file.encoding" value="UTF-8"/>
    <property name="java.specification.version" value="1.8"/>
    <property name="user.name" value="root"/>
    <property name="java.class.path" value="/usr/share/maven/boot/plexus-classworlds-2.x.jar"/>
    <property name="java.vm.specification.version" value="1.8"/>
    <property name="sun.arch.data.model" value="64"/>
    <property name="java.home" value="/opt/Java/jdk1.8.0_171/jre"/>
    <property name="sun.java.command" value="org.codehaus.plexus.classworlds.launcher.Launcher install org.pitest:pitest-maven:mutationCoverage"/>
    <property name="java.specification.vendor" value="Oracle Corporation"/>
    <property name="user.language" value="en"/>
    <property name="awt.toolkit" value="sun.awt.X11.XToolkit"/>
    <property name="java.vm.info" value="mixed mode"/>
    <property name="java.version" value="1.8.0_171"/>
    <property name="java.ext.dirs" value="/opt/Java/jdk1.8.0_171/jre/lib/ext:/usr/java/packages/lib/ext"/>
    <property name="securerandom.source" value="file:/dev/./urandom"/>
    <property name="sun.boot.class.path" value="/opt/Java/jdk1.8.0_171/jre/lib/resources.jar:/opt/Java/jdk1.8.0_171/jre/lib/rt.jar:/opt/Java/jdk1.8.0_171/jre/lib/sunrsasign.jar:/opt/Java/jdk1.8.0_171/jre/lib/jsse.jar:/opt/Java/jdk1.8.0_171/jre/lib/jce.jar:/opt/Java/jdk1.8.0_171/jre/lib/charsets.jar:/opt/Java/jdk1.8.0_171/jre/lib/jfr.jar:/opt/Java/jdk1.8.0_171/jre/classes"/>
    <property name="java.vendor" value="Oracle Corporation"/>
    <property name="maven.home" value="/usr/share/maven"/>
    <property name="file.separator" value="/"/>
    <property name="java.vendor.url.bug" value="http://bugreport.sun.com/bugreport/"/>
    <property name="sun.cpu.endian" value="little"/>
    <property name="sun.io.unicode.encoding" value="UnicodeLittle"/>
    <property name="sun.cpu.isalist" value=""/>
  </properties>
  <testcase name="testEmptyList" classname="org.apache.commons.functor.core.collection.TestFilteredIterable" time="0.001"/>
  <testcase name="testNextWithoutHasNext" classname="org.apache.commons.functor.core.collection.TestFilteredIterable" time="0"/>
  <testcase name="testMultipleLevels" classname="org.apache.commons.functor.core.collection.TestFilteredIterable" time="0.003"/>
  <testcase name="testMultipleLevels2" classname="org.apache.commons.functor.core.collection.TestFilteredIterable" time="0"/>
  <testcase name="testRetainNullType" classname="org.apache.commons.functor.core.collection.TestFilteredIterable" time="0"/>
  <testcase name="testRetainNullTypes" classname="org.apache.commons.functor.core.collection.TestFilteredIterable" time="0"/>
  <testcase name="testRetainNullPredicate" classname="org.apache.commons.functor.core.collection.TestFilteredIterable" time="0"/>
  <testcase name="testEmptyFilteredIterable" classname="org.apache.commons.functor.core.collection.TestFilteredIterable" time="0"/>
  <testcase name="testFilterWithFilteredIterableReturnsItself" classname="org.apache.commons.functor.core.collection.TestFilteredIterable" time="0"/>
  <testcase name="testRetainOneType" classname="org.apache.commons.functor.core.collection.TestFilteredIterable" time="0"/>
  <testcase name="testRetainOneType2" classname="org.apache.commons.functor.core.collection.TestFilteredIterable" time="0"/>
  <testcase name="testRetainMultipleTypes" classname="org.apache.commons.functor.core.collection.TestFilteredIterable" time="0"/>
  <testcase name="testSomePass" classname="org.apache.commons.functor.core.collection.TestFilteredIterable" time="0"/>
  <testcase name="testAllPass" classname="org.apache.commons.functor.core.collection.TestFilteredIterable" time="0"/>
  <testcase name="testAllPass2" classname="org.apache.commons.functor.core.collection.TestFilteredIterable" time="0"/>
  <testcase name="testNonePass" classname="org.apache.commons.functor.core.collection.TestFilteredIterable" time="0"/>
  <testcase name="testNextAfterEndOfList" classname="org.apache.commons.functor.core.collection.TestFilteredIterable" time="0"/>
  <testcase name="testNextOnEmptyList" classname="org.apache.commons.functor.core.collection.TestFilteredIterable" time="0"/>
  <testcase name="testRemoveBeforeNext" classname="org.apache.commons.functor.core.collection.TestFilteredIterable" time="0"/>
  <testcase name="testRemoveAfterNext" classname="org.apache.commons.functor.core.collection.TestFilteredIterable" time="0"/>
  <testcase name="testRemoveSome" classname="org.apache.commons.functor.core.collection.TestFilteredIterable" time="0"/>
  <testcase name="testRemoveAll" classname="org.apache.commons.functor.core.collection.TestFilteredIterable" time="0"/>
  <testcase name="testRemoveWithoutHasNext" classname="org.apache.commons.functor.core.collection.TestFilteredIterable" time="0"/>
  <testcase name="testFilterWithNullIteratorReturnsNull" classname="org.apache.commons.functor.core.collection.TestFilteredIterable" time="0"/>
  <testcase name="testObjectEquals" classname="org.apache.commons.functor.core.collection.TestFilteredIterable" time="0.001"/>
  <testcase name="testToStringIsOverridden" classname="org.apache.commons.functor.core.collection.TestFilteredIterable" time="0"/>
</testsuite>